#
# There is insufficient memory for the Java Runtime Environment to continue.
# Native memory allocation (malloc) failed to allocate 32744 bytes for ChunkPool::allocate
# Possible reasons:
#   The system is out of physical RAM or swap space
#   In 32 bit mode, the process size limit was hit
# Possible solutions:
#   Reduce memory load on the system
#   Increase physical memory or swap space
#   Check if swap backing store is full
#   Use 64 bit Java on a 64 bit OS
#   Decrease Java heap size (-Xmx/-Xms)
#   Decrease number of Java threads
#   Decrease Java thread stack sizes (-Xss)
#   Set larger code cache with -XX:ReservedCodeCacheSize=
# This output file may be truncated or incomplete.
#
#  Out of Memory Error (allocation.cpp:273), pid=3632, tid=5076
#
# JRE version: Java(TM) SE Runtime Environment (8.0_45-b15) (build 1.8.0_45-b15)
# Java VM: Java HotSpot(TM) 64-Bit Server VM (25.45-b02 mixed mode windows-amd64 compressed oops)
# Failed to write core dump. Minidumps are not enabled by default on client versions of Windows
#

---------------  T H R E A D  ---------------

Current thread (0x00000000550fd800):  JavaThread "C2 CompilerThread0" daemon [_thread_in_native, id=5076, stack(0x0000000056d20000,0x0000000056e20000)]

Stack: [0x0000000056d20000,0x0000000056e20000]
Native frames: (J=compiled Java code, j=interpreted, Vv=VM code, C=native code)
V  [jvm.dll+0x32b57a]
V  [jvm.dll+0x279873]
V  [jvm.dll+0x27a509]
V  [jvm.dll+0x271825]
V  [jvm.dll+0xcb804]
V  [jvm.dll+0xcba27]
V  [jvm.dll+0xcbeac]
V  [jvm.dll+0x4975e0]
V  [jvm.dll+0x49766f]
V  [jvm.dll+0x492b73]
V  [jvm.dll+0x45f901]
V  [jvm.dll+0x46a73b]
V  [jvm.dll+0x46cd52]
V  [jvm.dll+0x4500f2]
V  [jvm.dll+0xa4352]
V  [jvm.dll+0xa4c8f]
V  [jvm.dll+0x241984]
V  [jvm.dll+0x29853a]
C  [msvcr100.dll+0x21d9f]
C  [msvcr100.dll+0x21e3b]
C  [kernel32.dll+0x159ed]
C  [ntdll.dll+0x2c541]


Current CompileTask:
C2:2430220 14971   !   4       java.io.ObjectOutputStream::writeObject0 (619 bytes)


---------------  P R O C E S S  ---------------

Java Threads: ( => current thread )
  0x000000005a447800 JavaThread "Forward streams with process: command 'C:\Program Files\Java\jdk1.8.0_45\bin\java.exe' Thread 3" [_thread_in_native, id=1084, stack(0x0000000066c90000,0x0000000066d90000)]
  0x000000005a446800 JavaThread "Forward streams with process: command 'C:\Program Files\Java\jdk1.8.0_45\bin\java.exe' Thread 2" [_thread_in_native, id=3880, stack(0x00000000633e0000,0x00000000634e0000)]
  0x000000005a448000 JavaThread "Forward streams with process: command 'C:\Program Files\Java\jdk1.8.0_45\bin\java.exe'" [_thread_blocked, id=5740, stack(0x0000000064e40000,0x0000000064f40000)]
  0x000000005a445000 JavaThread "Run command 'C:\Program Files\Java\jdk1.8.0_45\bin\java.exe'" [_thread_in_native, id=4748, stack(0x0000000062d80000,0x0000000062e80000)]
  0x0000000058915800 JavaThread "Stdin handler" [_thread_blocked, id=6112, stack(0x000000005d250000,0x000000005d350000)]
  0x0000000058912000 JavaThread "Cancel handler" [_thread_blocked, id=7024, stack(0x00000000594b0000,0x00000000595b0000)]
  0x000000005891b800 JavaThread "Handler for socket connection from /127.0.0.1:62467 to /127.0.0.1:51014" [_thread_in_native, id=4116, stack(0x0000000059350000,0x0000000059450000)]
  0x0000000058914800 JavaThread "Daemon worker Thread 12" [_thread_blocked, id=1492, stack(0x0000000059650000,0x0000000059750000)]
  0x0000000058913000 JavaThread "Daemon Thread 12" [_thread_blocked, id=4612, stack(0x0000000058eb0000,0x0000000058fb0000)]
  0x000000005ce92800 JavaThread "File lock request listener" [_thread_in_native, id=6324, stack(0x000000005d390000,0x000000005d490000)]
  0x00000000579fe800 JavaThread "Incoming local TCP Connector on port 62467" [_thread_in_native, id=840, stack(0x0000000058fe0000,0x00000000590e0000)]
  0x00000000565e6800 JavaThread "Service Thread" daemon [_thread_blocked, id=6592, stack(0x0000000056e20000,0x0000000056f20000)]
  0x0000000056555000 JavaThread "C1 CompilerThread2" daemon [_thread_blocked, id=6684, stack(0x0000000057160000,0x0000000057260000)]
  0x0000000056554000 JavaThread "C2 CompilerThread1" daemon [_thread_in_native, id=6884, stack(0x0000000056f30000,0x0000000057030000)]
=>0x00000000550fd800 JavaThread "C2 CompilerThread0" daemon [_thread_in_native, id=5076, stack(0x0000000056d20000,0x0000000056e20000)]
  0x000000005654b000 JavaThread "Attach Listener" daemon [_thread_blocked, id=6416, stack(0x0000000056b30000,0x0000000056c30000)]
  0x0000000056549800 JavaThread "Signal Dispatcher" daemon [_thread_blocked, id=5784, stack(0x0000000056970000,0x0000000056a70000)]
  0x0000000055098000 JavaThread "Finalizer" daemon [_thread_blocked, id=6976, stack(0x0000000056440000,0x0000000056540000)]
  0x0000000055091000 JavaThread "Reference Handler" daemon [_thread_blocked, id=5080, stack(0x0000000056300000,0x0000000056400000)]
  0x00000000024cf000 JavaThread "main" [_thread_blocked, id=5948, stack(0x0000000002710000,0x0000000002810000)]

Other Threads:
  0x000000005508b800 VMThread [stack: 0x0000000056120000,0x0000000056220000] [id=4712]
  0x00000000565fe000 WatcherThread [stack: 0x0000000057060000,0x0000000057160000] [id=3208]

VM state:not at safepoint (normal execution)

VM Mutex/Monitor currently owned by a thread: None

Heap:
 PSYoungGen      total 257024K, used 179848K [0x00000000eab00000, 0x00000000ff900000, 0x0000000100000000)
  eden space 180224K, 82% used [0x00000000eab00000,0x00000000f3c07110,0x00000000f5b00000)
  from space 76800K, 40% used [0x00000000fae00000,0x00000000fcc9b030,0x00000000ff900000)
  to   space 80896K, 0% used [0x00000000f5b00000,0x00000000f5b00000,0x00000000faa00000)
 ParOldGen       total 330240K, used 193121K [0x00000000c0000000, 0x00000000d4280000, 0x00000000eab00000)
  object space 330240K, 58% used [0x00000000c0000000,0x00000000cbc984f8,0x00000000d4280000)
 Metaspace       used 133949K, capacity 142112K, committed 232448K, reserved 1243136K
  class space    used 18907K, capacity 21907K, committed 38912K, reserved 1048576K

Card table byte_map: [0x0000000011bd0000,0x0000000011de0000] byte_map_base: 0x00000000115d0000

Marking Bits: (ParMarkBitMap*) 0x000000005f784040
 Begin Bits: [0x0000000012500000, 0x0000000013500000)
 End Bits:   [0x0000000013500000, 0x0000000014500000)

Polling page: 0x0000000000330000

CodeCache: size=245760Kb used=41788Kb max_used=42594Kb free=203971Kb
 bounds [0x0000000002810000, 0x0000000005230000, 0x0000000011810000]
 total_blobs=11359 nmethods=10665 adapters=604
 compilation: enabled

Compilation events (10 events):
Event: 2429.853 Thread 0x0000000056555000 15021       3       com.sun.tools.javac.jvm.Items$CondItem::jumpFalse (101 bytes)
Event: 2429.853 Thread 0x0000000056555000 nmethod 15021 0x0000000004ae2f50 code [0x0000000004ae3180, 0x0000000004ae3b88]
Event: 2429.860 Thread 0x0000000056555000 15022       3       com.android.build.gradle.internal.TaskManager::getMetaClass (23 bytes)
Event: 2429.860 Thread 0x0000000056555000 nmethod 15022 0x00000000037791d0 code [0x0000000003779340, 0x00000000037795c8]
Event: 2429.869 Thread 0x0000000056555000 15023       3       com.google.common.base.CharMatcher$13::matches (22 bytes)
Event: 2429.870 Thread 0x0000000056555000 nmethod 15023 0x0000000004258b10 code [0x0000000004258c60, 0x0000000004258e50]
Event: 2429.880 Thread 0x0000000056555000 15024       3       com.android.build.gradle.internal.TaskManager::getProperty (12 bytes)
Event: 2429.880 Thread 0x0000000056555000 nmethod 15024 0x000000000456e1d0 code [0x000000000456e360, 0x000000000456e778]
Event: 2429.881 Thread 0x0000000056555000 15025   !   3       org.gradle.util.ConfigureUtil::configureByMap (120 bytes)
Event: 2429.881 Thread 0x0000000056555000 nmethod 15025 0x0000000002c48210 code [0x0000000002c48460, 0x0000000002c491f8]

GC Heap History (10 events):
Event: 2302.671 GC heap before
{Heap before GC invocations=54 (full 16):
 PSYoungGen      total 283136K, used 92378K [0x00000000eab00000, 0x0000000100000000, 0x0000000100000000)
  eden space 217088K, 12% used [0x00000000eab00000,0x00000000ec4bb5c8,0x00000000f7f00000)
  from space 66048K, 99% used [0x00000000f7f00000,0x00000000fbf7b588,0x00000000fbf80000)
  to   space 66048K, 0% used [0x00000000fbf80000,0x00000000fbf80000,0x0000000100000000)
 ParOldGen       total 285184K, used 240518K [0x00000000c0000000, 0x00000000d1680000, 0x00000000eab00000)
  object space 285184K, 84% used [0x00000000c0000000,0x00000000ceae19f0,0x00000000d1680000)
 Metaspace       used 242261K, capacity 253996K, committed 254720K, reserved 1265664K
  class space    used 34233K, capacity 38441K, committed 38912K, reserved 1048576K
Event: 2302.707 GC heap after
Heap after GC invocations=54 (full 16):
 PSYoungGen      total 245248K, used 65570K [0x00000000eab00000, 0x0000000100000000, 0x0000000100000000)
  eden space 179200K, 0% used [0x00000000eab00000,0x00000000eab00000,0x00000000f5a00000)
  from space 66048K, 99% used [0x00000000fbf80000,0x00000000fff88a88,0x0000000100000000)
  to   space 84992K, 0% used [0x00000000f5a00000,0x00000000f5a00000,0x00000000fad00000)
 ParOldGen       total 285184K, used 240518K [0x00000000c0000000, 0x00000000d1680000, 0x00000000eab00000)
  object space 285184K, 84% used [0x00000000c0000000,0x00000000ceae19f0,0x00000000d1680000)
 Metaspace       used 242261K, capacity 253996K, committed 254720K, reserved 1265664K
  class space    used 34233K, capacity 38441K, committed 38912K, reserved 1048576K
}
Event: 2302.707 GC heap before
{Heap before GC invocations=55 (full 17):
 PSYoungGen      total 245248K, used 65570K [0x00000000eab00000, 0x0000000100000000, 0x0000000100000000)
  eden space 179200K, 0% used [0x00000000eab00000,0x00000000eab00000,0x00000000f5a00000)
  from space 66048K, 99% used [0x00000000fbf80000,0x00000000fff88a88,0x0000000100000000)
  to   space 84992K, 0% used [0x00000000f5a00000,0x00000000f5a00000,0x00000000fad00000)
 ParOldGen       total 285184K, used 240518K [0x00000000c0000000, 0x00000000d1680000, 0x00000000eab00000)
  object space 285184K, 84% used [0x00000000c0000000,0x00000000ceae19f0,0x00000000d1680000)
 Metaspace       used 242261K, capacity 253996K, committed 254720K, reserved 1265664K
  class space    used 34233K, capacity 38441K, committed 38912K, reserved 1048576K
Event: 2303.318 GC heap after
Heap after GC invocations=55 (full 17):
 PSYoungGen      total 245248K, used 0K [0x00000000eab00000, 0x0000000100000000, 0x0000000100000000)
  eden space 179200K, 0% used [0x00000000eab00000,0x00000000eab00000,0x00000000f5a00000)
  from space 66048K, 0% used [0x00000000fbf80000,0x00000000fbf80000,0x0000000100000000)
  to   space 84992K, 0% used [0x00000000f5a00000,0x00000000f5a00000,0x00000000fad00000)
 ParOldGen       total 285184K, used 266024K [0x00000000c0000000, 0x00000000d1680000, 0x00000000eab00000)
  object space 285184K, 93% used [0x00000000c0000000,0x00000000d03ca320,0x00000000d1680000)
 Metaspace       used 126948K, capacity 134376K, committed 236288K, reserved 1247232K
  class space    used 17900K, capacity 20585K, committed 38912K, reserved 1048576K
}
Event: 2321.788 GC heap before
{Heap before GC invocations=56 (full 18):
 PSYoungGen      total 245248K, used 179200K [0x00000000eab00000, 0x0000000100000000, 0x0000000100000000)
  eden space 179200K, 100% used [0x00000000eab00000,0x00000000f5a00000,0x00000000f5a00000)
  from space 66048K, 0% used [0x00000000fbf80000,0x00000000fbf80000,0x0000000100000000)
  to   space 84992K, 0% used [0x00000000f5a00000,0x00000000f5a00000,0x00000000fad00000)
 ParOldGen       total 285184K, used 266024K [0x00000000c0000000, 0x00000000d1680000, 0x00000000eab00000)
  object space 285184K, 93% used [0x00000000c0000000,0x00000000d03ca320,0x00000000d1680000)
 Metaspace       used 133889K, capacity 141802K, committed 236288K, reserved 1247232K
  class space    used 18912K, capacity 21786K, committed 38912K, reserved 1048576K
Event: 2322.072 GC heap after
Heap after GC invocations=56 (full 18):
 PSYoungGen      total 245248K, used 0K [0x00000000eab00000, 0x0000000100000000, 0x0000000100000000)
  eden space 179200K, 0% used [0x00000000eab00000,0x00000000eab00000,0x00000000f5a00000)
  from space 66048K, 0% used [0x00000000fbf80000,0x00000000fbf80000,0x0000000100000000)
  to   space 84992K, 0% used [0x00000000f5a00000,0x00000000f5a00000,0x00000000fad00000)
 ParOldGen       total 330240K, used 193105K [0x00000000c0000000, 0x00000000d4280000, 0x00000000eab00000)
  object space 330240K, 58% used [0x00000000c0000000,0x00000000cbc944f8,0x00000000d4280000)
 Metaspace       used 116638K, capacity 123356K, committed 232192K, reserved 1243136K
  class space    used 16309K, capacity 18704K, committed 38912K, reserved 1048576K
}
Event: 2399.646 GC heap before
{Heap before GC invocations=57 (full 18):
 PSYoungGen      total 245248K, used 179200K [0x00000000eab00000, 0x0000000100000000, 0x0000000100000000)
  eden space 179200K, 100% used [0x00000000eab00000,0x00000000f5a00000,0x00000000f5a00000)
  from space 66048K, 0% used [0x00000000fbf80000,0x00000000fbf80000,0x0000000100000000)
  to   space 84992K, 0% used [0x00000000f5a00000,0x00000000f5a00000,0x00000000fad00000)
 ParOldGen       total 330240K, used 193105K [0x00000000c0000000, 0x00000000d4280000, 0x00000000eab00000)
  object space 330240K, 58% used [0x00000000c0000000,0x00000000cbc944f8,0x00000000d4280000)
 Metaspace       used 124721K, capacity 132034K, committed 232448K, reserved 1243136K
  class space    used 17533K, capacity 20216K, committed 38912K, reserved 1048576K
Event: 2399.662 GC heap after
Heap after GC invocations=57 (full 18):
 PSYoungGen      total 264192K, used 22925K [0x00000000eab00000, 0x0000000100000000, 0x0000000100000000)
  eden space 179200K, 0% used [0x00000000eab00000,0x00000000eab00000,0x00000000f5a00000)
  from space 84992K, 26% used [0x00000000f5a00000,0x00000000f7063738,0x00000000fad00000)
  to   space 83968K, 0% used [0x00000000fae00000,0x00000000fae00000,0x0000000100000000)
 ParOldGen       total 330240K, used 193113K [0x00000000c0000000, 0x00000000d4280000, 0x00000000eab00000)
  object space 330240K, 58% used [0x00000000c0000000,0x00000000cbc964f8,0x00000000d4280000)
 Metaspace       used 124721K, capacity 132034K, committed 232448K, reserved 1243136K
  class space    used 17533K, capacity 20216K, committed 38912K, reserved 1048576K
}
Event: 2429.100 GC heap before
{Heap before GC invocations=58 (full 18):
 PSYoungGen      total 264192K, used 202125K [0x00000000eab00000, 0x0000000100000000, 0x0000000100000000)
  eden space 179200K, 100% used [0x00000000eab00000,0x00000000f5a00000,0x00000000f5a00000)
  from space 84992K, 26% used [0x00000000f5a00000,0x00000000f7063738,0x00000000fad00000)
  to   space 83968K, 0% used [0x00000000fae00000,0x00000000fae00000,0x0000000100000000)
 ParOldGen       total 330240K, used 193113K [0x00000000c0000000, 0x00000000d4280000, 0x00000000eab00000)
  object space 330240K, 58% used [0x00000000c0000000,0x00000000cbc964f8,0x00000000d4280000)
 Metaspace       used 129388K, capacity 137330K, committed 232448K, reserved 1243136K
  class space    used 18194K, capacity 21093K, committed 38912K, reserved 1048576K
Event: 2429.119 GC heap after
Heap after GC invocations=58 (full 18):
 PSYoungGen      total 257024K, used 31340K [0x00000000eab00000, 0x00000000ff900000, 0x0000000100000000)
  eden space 180224K, 0% used [0x00000000eab00000,0x00000000eab00000,0x00000000f5b00000)
  from space 76800K, 40% used [0x00000000fae00000,0x00000000fcc9b030,0x00000000ff900000)
  to   space 80896K, 0% used [0x00000000f5b00000,0x00000000f5b00000,0x00000000faa00000)
 ParOldGen       total 330240K, used 193121K [0x00000000c0000000, 0x00000000d4280000, 0x00000000eab00000)
  object space 330240K, 58% used [0x00000000c0000000,0x00000000cbc984f8,0x00000000d4280000)
 Metaspace       used 129388K, capacity 137330K, committed 232448K, reserved 1243136K
  class space    used 18194K, capacity 21093K, committed 38912K, reserved 1048576K
}

Deoptimization events (10 events):
Event: 2400.310 Thread 0x0000000058913000 Uncommon trap: reason=bimorphic action=maybe_recompile pc=0x0000000002bef008 method=java.io.ObjectOutputStream$BlockDataOutputStream.write([BIIZ)V @ 23
Event: 2400.315 Thread 0x0000000058913000 Uncommon trap: reason=bimorphic action=maybe_recompile pc=0x0000000002bef008 method=java.io.ObjectOutputStream$BlockDataOutputStream.write([BIIZ)V @ 23
Event: 2400.317 Thread 0x0000000058913000 Uncommon trap: reason=bimorphic action=maybe_recompile pc=0x0000000002bef008 method=java.io.ObjectOutputStream$BlockDataOutputStream.write([BIIZ)V @ 23
Event: 2400.317 Thread 0x0000000058913000 Uncommon trap: reason=bimorphic action=maybe_recompile pc=0x0000000002bef008 method=java.io.ObjectOutputStream$BlockDataOutputStream.write([BIIZ)V @ 23
Event: 2400.331 Thread 0x0000000058913000 Uncommon trap: reason=predicate action=maybe_recompile pc=0x0000000003572a94 method=java.util.TimSort.countRunAndMakeAscending([Ljava/lang/Object;IILjava/util/Comparator;)I @ 57
Event: 2400.333 Thread 0x0000000058913000 Uncommon trap: reason=unstable_if action=reinterpret pc=0x0000000003c0baf8 method=org.gradle.messaging.remote.internal.inet.SocketConnection$SocketOutputStream.write([BII)V @ 64
Event: 2400.365 Thread 0x0000000058912000 Uncommon trap: reason=unstable_if action=reinterpret pc=0x00000000048bb970 method=sun.nio.ch.WindowsSelectorImpl$SubSelector.processFDSet(J[IIZ)I @ 29
Event: 2429.043 Thread 0x0000000058914800 Uncommon trap: reason=array_check action=maybe_recompile pc=0x0000000002f61034 method=java.util.ComparableTimSort.mergeLo(IIII)V @ 240
Event: 2429.076 Thread 0x0000000058914800 Uncommon trap: reason=predicate action=maybe_recompile pc=0x0000000003301dec method=java.util.ComparableTimSort.mergeLo(IIII)V @ 147
Event: 2429.879 Thread 0x0000000058914800 Uncommon trap: reason=null_check action=make_not_entrant pc=0x0000000004c77f64 method=java.lang.Class.reflectionData()Ljava/lang/Class$ReflectionData; @ 24

Internal exceptions (10 events):
Event: 2429.669 Thread 0x0000000058914800 Exception <a 'java/lang/ClassNotFoundException': com/android/sdklib/BuildToolInfoCustomizer> (0x00000000f1f92cc0) thrown at [C:\re\workspace\8-2-build-windows-amd64-cygwin\jdk8u45\3627\hotspot\src\share\vm\classfile\systemDictionary.cpp, line 210]
Event: 2429.672 Thread 0x0000000058914800 Exception <a 'java/lang/ClassNotFoundException': com/android/build/gradle/internal/core/MergedNdkConfigBeanInfo> (0x00000000f1fec118) thrown at [C:\re\workspace\8-2-build-windows-amd64-cygwin\jdk8u45\3627\hotspot\src\share\vm\classfile\systemDictionary.cppÏwn=Xû¢@
Event: 2429.672 Thread 0x0000000058914800 Exception <a 'java/lang/ClassNotFoundException': com/android/build/gradle/internal/core/MergedNdkConfigCustomizer> (0x00000000f1ff9150) thrown at [C:\re\workspace\8-2-build-windows-amd64-cygwin\jdk8u45\3627\hotspot\src\share\vm\classfile\systemDictionary.c¯Fèhû¢@
Event: 2429.705 Thread 0x0000000058914800 Exception <a 'java/lang/ClassNotFoundException': com/google/common/base/JoinerBeanInfo> (0x00000000f22ef7d0) thrown at [C:\re\workspace\8-2-build-windows-amd64-cygwin\jdk8u45\3627\hotspot\src\share\vm\classfile\systemDictionary.cpp, line 210]
Event: 2429.705 Thread 0x0000000058914800 Exception <a 'java/lang/ClassNotFoundException': com/google/common/base/JoinerCustomizer> (0x00000000f22f99b8) thrown at [C:\re\workspace\8-2-build-windows-amd64-cygwin\jdk8u45\3627\hotspot\src\share\vm\classfile\systemDictionary.cpp, line 210]
Event: 2429.707 Thread 0x0000000058914800 Exception <a 'java/lang/ClassNotFoundException': com/android/build/gradle/tasks/ManifestProcessorTask$1BeanInfo> (0x00000000f2354620) thrown at [C:\re\workspace\8-2-build-windows-amd64-cygwin\jdk8u45\3627\hotspot\src\share\vm\classfile\systemDictionary.cpp
Event: 2429.707 Thread 0x0000000058914800 Exception <a 'java/lang/ClassNotFoundException': com/android/build/gradle/tasks/ManifestProcessorTask$1Customizer> (0x00000000f23617e8) thrown at [C:\re\workspace\8-2-build-windows-amd64-cygwin\jdk8u45\3627\hotspot\src\share\vm\classfile\systemDictionary.cÎ‡†jû¢@
Event: 2429.708 Thread 0x0000000058914800 Exception <a 'java/lang/ClassNotFoundException': com/google/common/collect/IterablesBeanInfo> (0x00000000f2396c58) thrown at [C:\re\workspace\8-2-build-windows-amd64-cygwin\jdk8u45\3627\hotspot\src\share\vm\classfile\systemDictionary.cpp, line 210]
Event: 2429.708 Thread 0x0000000058914800 Exception <a 'java/lang/ClassNotFoundException': com/google/common/collect/IterablesCustomizer> (0x00000000f23a1ce8) thrown at [C:\re\workspace\8-2-build-windows-amd64-cygwin\jdk8u45\3627\hotspot\src\share\vm\classfile\systemDictionary.cpp, line 210]
Event: 2429.879 Thread 0x0000000058914800 Implicit null exception at 0x0000000004c74025 to 0x0000000004c77f45

Events (10 events):
Event: 2429.889 Thread 0x000000005a445000 Thread added: 0x000000005a445000
Event: 2429.890 Thread 0x000000005a446800 Thread added: 0x000000005a446800
Event: 2429.890 Executing VM operation: RevokeBias
Event: 2429.890 Thread 0x000000005a448000 Thread added: 0x000000005a448000
Event: 2429.890 Executing VM operation: RevokeBias done
Event: 2429.890 Thread 0x000000005a446800 Thread exited: 0x000000005a446800
Event: 2429.891 Thread 0x000000005a446800 Thread added: 0x000000005a446800
Event: 2429.891 Thread 0x000000005a447800 Thread added: 0x000000005a447800
Event: 2429.891 Executing VM operation: RevokeBias
Event: 2429.894 Executing VM operation: RevokeBias done


Dynamic libraries:
0x000000013fd60000 - 0x000000013fd97000 	C:\Program Files\Java\jdk1.8.0_45\bin\java.exe
0x0000000077b00000 - 0x0000000077ca9000 	C:\Windows\SYSTEM32\ntdll.dll
0x00000000779e0000 - 0x0000000077aff000 	C:\Windows\system32\kernel32.dll
0x000007fefd990000 - 0x000007fefd9fc000 	C:\Windows\system32\KERNELBASE.dll
0x000007feff150000 - 0x000007feff22b000 	C:\Windows\system32\ADVAPI32.dll
0x000007fefdf10000 - 0x000007fefdfaf000 	C:\Windows\system32\msvcrt.dll
0x000007fefde70000 - 0x000007fefde8f000 	C:\Windows\SYSTEM32\sechost.dll
0x000007fefdfb0000 - 0x000007fefe0dd000 	C:\Windows\system32\RPCRT4.dll
0x00000000778e0000 - 0x00000000779da000 	C:\Windows\system32\USER32.dll
0x000007feffa40000 - 0x000007feffaa7000 	C:\Windows\system32\GDI32.dll
0x000007feff230000 - 0x000007feff23e000 	C:\Windows\system32\LPK.dll
0x000007feff080000 - 0x000007feff149000 	C:\Windows\system32\USP10.dll
0x000007fefc380000 - 0x000007fefc574000 	C:\Windows\WinSxS\amd64_microsoft.windows.common-controls_6595b64144ccf1df_6.0.7601.17514_none_fa396087175ac9ac\COMCTL32.dll
0x000007fefde90000 - 0x000007fefdf01000 	C:\Windows\system32\SHLWAPI.dll
0x000007feff540000 - 0x000007feff56e000 	C:\Windows\system32\IMM32.DLL
0x000007fefef70000 - 0x000007feff079000 	C:\Windows\system32\MSCTF.dll
0x0000000064f60000 - 0x0000000065032000 	C:\Program Files\Java\jdk1.8.0_45\jre\bin\msvcr100.dll
0x000000005ef80000 - 0x000000005f803000 	C:\Program Files\Java\jdk1.8.0_45\jre\bin\server\jvm.dll
0x000007fefc110000 - 0x000007fefc119000 	C:\Windows\system32\WSOCK32.dll
0x000007feff4f0000 - 0x000007feff53d000 	C:\Windows\system32\WS2_32.dll
0x000007feff570000 - 0x000007feff578000 	C:\Windows\system32\NSI.dll
0x000007fefa800000 - 0x000007fefa83b000 	C:\Windows\system32\WINMM.dll
0x000007fefca10000 - 0x000007fefca1c000 	C:\Windows\system32\VERSION.dll
0x0000000077cc0000 - 0x0000000077cc7000 	C:\Windows\system32\PSAPI.DLL
0x0000000073a80000 - 0x0000000073a8f000 	C:\Program Files\Java\jdk1.8.0_45\jre\bin\verify.dll
0x0000000073a50000 - 0x0000000073a79000 	C:\Program Files\Java\jdk1.8.0_45\jre\bin\java.dll
0x0000000073a30000 - 0x0000000073a46000 	C:\Program Files\Java\jdk1.8.0_45\jre\bin\zip.dll
0x000007fefe0e0000 - 0x000007fefee68000 	C:\Windows\system32\SHELL32.dll
0x000007feff240000 - 0x000007feff443000 	C:\Windows\system32\ole32.dll
0x000007fefd950000 - 0x000007fefd95f000 	C:\Windows\system32\profapi.dll
0x000007fefd140000 - 0x000007fefd157000 	C:\Windows\system32\CRYPTSP.dll
0x000007fefce40000 - 0x000007fefce87000 	C:\Windows\system32\rsaenh.dll
0x000007fefdc20000 - 0x000007fefdc3e000 	C:\Windows\system32\USERENV.dll
0x000007fefd7e0000 - 0x000007fefd7ef000 	C:\Windows\system32\CRYPTBASE.dll
0x00000000737c0000 - 0x00000000737da000 	C:\Program Files\Java\jdk1.8.0_45\jre\bin\net.dll
0x000007fefd0e0000 - 0x000007fefd135000 	C:\Windows\system32\mswsock.dll
0x000007fefd0d0000 - 0x000007fefd0d7000 	C:\Windows\System32\wship6.dll
0x000007fefb600000 - 0x000007fefb627000 	C:\Windows\system32\IPHLPAPI.DLL
0x000007fefb580000 - 0x000007fefb58b000 	C:\Windows\system32\WINNSI.DLL
0x000007fefb2e0000 - 0x000007fefb2f1000 	C:\Windows\system32\dhcpcsvc6.DLL
0x000007fefb2c0000 - 0x000007fefb2d8000 	C:\Windows\system32\dhcpcsvc.DLL
0x0000000073740000 - 0x0000000073751000 	C:\Program Files\Java\jdk1.8.0_45\jre\bin\nio.dll
0x000007fef97d0000 - 0x000007fef97e2000 	C:\Users\Administrator\AppData\Local\Temp\native-platform3498312665777143716dir\native-platform.dll
0x000007fefd740000 - 0x000007fefd797000 	C:\Windows\system32\apphelp.dll
0x000007fef7960000 - 0x000007fef7a85000 	C:\Windows\system32\dbghelp.dll

VM Arguments:
jvm_args: -XX:MaxPermSize=256m -XX:+HeapDumpOnOutOfMemoryError -Xmx1024m -Dfile.encoding=GBK -Duser.country=CN -Duser.language=zh -Duser.variant 
java_command: org.gradle.launcher.daemon.bootstrap.GradleDaemon 2.2.1 C:\Users\Administrator\.gradle\daemon 10800000 94d8aaa7-7fb5-4708-9fa5-2425bab2b94d -XX:MaxPermSize=256m -XX:+HeapDumpOnOutOfMemoryError -Xmx1024m -Dfile.encoding=GBK -Duser.country=CN -Duser.language=zh -Duser.variant
java_class_path (initial): C:\Program Files\Android\Android Studio\gradle\gradle-2.2.1\lib\gradle-launcher-2.2.1.jar
Launcher Type: SUN_STANDARD

Environment Variables:
JAVA_HOME=C:\Program Files\Java\jdk1.8.0_45
CLASSPATH=;C:\Program Files\Java\jdk1.8.0_45\lib\dt.jar;C:\Program Files\Java\jdk1.8.0_45\jre\lib\rt.jar;.
PATH=C:\Program Files\Java\jdk1.8.0_45\bin;C:\ProgramData\Oracle\Java\javapath;C:\Windows\system32;C:\Windows;C:\Windows\System32\Wbem;C:\Windows\System32\WindowsPowerShell\v1.0\
USERNAME=Administrator
OS=Windows_NT
PROCESSOR_IDENTIFIER=Intel64 Family 6 Model 60 Stepping 3, GenuineIntel



---------------  S Y S T E M  ---------------

OS: Windows 7 , 64 bit Build 7601 (6.1.7601.18409)

CPU:total 4 (4 cores per cpu, 1 threads per core) family 6 model 60 stepping 3, cmov, cx8, fxsr, mmx, sse, sse2, sse3, ssse3, sse4.1, sse4.2, popcnt, avx, avx2, aes, clmul, erms, rtm, lzcnt, tsc, tscinvbit, bmi1, bmi2

Memory: 4k page, physical 8286612k(1666432k free), swap 10381908k(32172k free)

vm_info: Java HotSpot(TM) 64-Bit Server VM (25.45-b02) for windows-amd64 JRE (1.8.0_45-b15), built on Apr 30 2015 12:40:44 by "java_re" with MS VC++ 10.0 (VS2010)

time: Thu Jul 16 18:05:57 2015
elapsed time: 2430 seconds (0d 0h 40m 30s)

